2018-04-10 09:41:34,402 Orchard.Recipes.Services.RecipeManager - Default - INFO Executing recipe 'Default'. [ExecutionId=c544cd45033d485e80d494c17ee8c8a3]
2018-04-10 09:41:34,448 Orchard.Recipes.Services.RecipeStepQueue - Default - INFO Enqueuing recipe step 'Feature'. [ExecutionId=c544cd45033d485e80d494c17ee8c8a3]
2018-04-10 09:41:34,474 Orchard.Recipes.Services.RecipeStepQueue - Default - INFO Enqueuing recipe step 'ContentDefinition'. [ExecutionId=c544cd45033d485e80d494c17ee8c8a3]
2018-04-10 09:41:34,567 Orchard.Recipes.Services.RecipeStepQueue - Default - INFO Enqueuing recipe step 'Settings'. [ExecutionId=c544cd45033d485e80d494c17ee8c8a3]
2018-04-10 09:41:34,572 Orchard.Recipes.Services.RecipeStepQueue - Default - INFO Enqueuing recipe step 'Migration'. [ExecutionId=c544cd45033d485e80d494c17ee8c8a3]
2018-04-10 09:41:34,576 Orchard.Recipes.Services.RecipeStepQueue - Default - INFO Enqueuing recipe step 'Command'. [ExecutionId=c544cd45033d485e80d494c17ee8c8a3]
2018-04-10 09:41:34,587 Orchard.Recipes.Services.RecipeStepQueue - Default - INFO Enqueuing recipe step 'ActivateShell'. [ExecutionId=(null)]
2018-04-10 09:41:35,104 Orchard.Recipes.Services.RecipeStepQueue - Default - INFO Dequeuing recipe steps. [ExecutionId=c544cd45033d485e80d494c17ee8c8a3]
2018-04-10 09:41:35,110 Orchard.Recipes.Services.RecipeStepQueue - Default - INFO Dequeuing recipe step 'Feature'. [ExecutionId=c544cd45033d485e80d494c17ee8c8a3]
2018-04-10 09:41:35,111 Orchard.Recipes.Services.RecipeStepExecutor - Default - INFO Executing recipe step 'Feature'. [ExecutionId=c544cd45033d485e80d494c17ee8c8a3]
2018-04-10 09:41:35,114 Orchard.Recipes.Providers.RecipeHandlers.RecipeExecutionStepHandler - Default - INFO Executing recipe step 'Feature'. [ExecutionId=c544cd45033d485e80d494c17ee8c8a3]
2018-04-10 09:41:35,118 Orchard.Recipes.Services.RecipeExecutionLogger - Default - INFO FeatureStep: Enabling features: Orchard.Blogs;Orchard.Comments;Orchard.Tags;Orchard.Alias;Orchard.Autoroute;TinyMce;Orchard.MediaLibrary;Orchard.ContentPicker;Orchard.PublishLater;Orchard.Resources;Orchard.Widgets;Orchard.ContentTypes;Orchard.Scripting;Orchard.Scripting.Lightweight;PackagingServices;Orchard.Packaging;Orchard.Projections;Orchard.Fields;Orchard.OutputCache;Orchard.Taxonomies;Orchard.Workflows;Orchard.Layouts;Orchard.Layouts.Tokens;TheThemeMachine [ExecutionId=c544cd45033d485e80d494c17ee8c8a3]
2018-04-10 09:41:35,258 Orchard.Recipes.Providers.RecipeHandlers.RecipeExecutionStepHandler - Default - INFO Finished executing recipe step 'Feature'. [ExecutionId=c544cd45033d485e80d494c17ee8c8a3]
2018-04-10 09:41:35,294 Orchard.Recipes.Services.RecipeScheduler - Default - INFO Scheduling next step of recipe. [ExecutionId=c544cd45033d485e80d494c17ee8c8a3]
2018-04-10 09:41:39,917 Orchard.Recipes.Services.RecipeStepQueue - Default - INFO Dequeuing recipe steps. [ExecutionId=c544cd45033d485e80d494c17ee8c8a3]
2018-04-10 09:41:39,918 Orchard.Recipes.Services.RecipeStepQueue - Default - INFO Dequeuing recipe step 'ContentDefinition'. [ExecutionId=c544cd45033d485e80d494c17ee8c8a3]
2018-04-10 09:41:39,918 Orchard.Recipes.Services.RecipeStepExecutor - Default - INFO Executing recipe step 'ContentDefinition'. [ExecutionId=c544cd45033d485e80d494c17ee8c8a3]
2018-04-10 09:41:39,922 Orchard.Recipes.Providers.RecipeHandlers.RecipeExecutionStepHandler - Default - INFO Executing recipe step 'ContentDefinition'. [ExecutionId=c544cd45033d485e80d494c17ee8c8a3]
2018-04-10 09:41:39,925 Orchard.Recipes.Services.RecipeExecutionLogger - Default - INFO ContentDefinitionStep: Importing content type 'Page'. [ExecutionId=c544cd45033d485e80d494c17ee8c8a3]
2018-04-10 09:41:40,057 Orchard.Recipes.Services.RecipeExecutionLogger - Default - INFO ContentDefinitionStep: Importing content type 'BlogPost'. [ExecutionId=c544cd45033d485e80d494c17ee8c8a3]
2018-04-10 09:41:40,079 Orchard.Recipes.Services.RecipeExecutionLogger - Default - INFO ContentDefinitionStep: Importing content part 'BodyPart'. [ExecutionId=c544cd45033d485e80d494c17ee8c8a3]
2018-04-10 09:41:40,088 Orchard.Recipes.Providers.RecipeHandlers.RecipeExecutionStepHandler - Default - INFO Finished executing recipe step 'ContentDefinition'. [ExecutionId=c544cd45033d485e80d494c17ee8c8a3]
2018-04-10 09:41:40,096 Orchard.Recipes.Services.RecipeScheduler - Default - INFO Scheduling next step of recipe. [ExecutionId=c544cd45033d485e80d494c17ee8c8a3]
2018-04-10 09:41:40,391 Orchard.Recipes.Services.RecipeStepQueue - Default - INFO Dequeuing recipe steps. [ExecutionId=c544cd45033d485e80d494c17ee8c8a3]
2018-04-10 09:41:40,392 Orchard.Recipes.Services.RecipeStepQueue - Default - INFO Dequeuing recipe step 'Settings'. [ExecutionId=c544cd45033d485e80d494c17ee8c8a3]
2018-04-10 09:41:40,393 Orchard.Recipes.Services.RecipeStepExecutor - Default - INFO Executing recipe step 'Settings'. [ExecutionId=c544cd45033d485e80d494c17ee8c8a3]
2018-04-10 09:41:40,393 Orchard.Recipes.Providers.RecipeHandlers.RecipeExecutionStepHandler - Default - INFO Executing recipe step 'Settings'. [ExecutionId=c544cd45033d485e80d494c17ee8c8a3]
2018-04-10 09:41:40,547 Orchard.Recipes.Providers.RecipeHandlers.RecipeExecutionStepHandler - Default - INFO Finished executing recipe step 'Settings'. [ExecutionId=c544cd45033d485e80d494c17ee8c8a3]
2018-04-10 09:41:40,555 Orchard.Recipes.Services.RecipeScheduler - Default - INFO Scheduling next step of recipe. [ExecutionId=c544cd45033d485e80d494c17ee8c8a3]
2018-04-10 09:41:40,826 Orchard.Recipes.Services.RecipeStepQueue - Default - INFO Dequeuing recipe steps. [ExecutionId=c544cd45033d485e80d494c17ee8c8a3]
2018-04-10 09:41:40,827 Orchard.Recipes.Services.RecipeStepQueue - Default - INFO Dequeuing recipe step 'Migration'. [ExecutionId=c544cd45033d485e80d494c17ee8c8a3]
2018-04-10 09:41:40,828 Orchard.Recipes.Services.RecipeStepExecutor - Default - INFO Executing recipe step 'Migration'. [ExecutionId=c544cd45033d485e80d494c17ee8c8a3]
2018-04-10 09:41:40,829 Orchard.Recipes.Providers.RecipeHandlers.RecipeExecutionStepHandler - Default - INFO Executing recipe step 'Migration'. [ExecutionId=c544cd45033d485e80d494c17ee8c8a3]
2018-04-10 09:41:40,920 Orchard.Recipes.Providers.RecipeHandlers.RecipeExecutionStepHandler - Default - INFO Finished executing recipe step 'Migration'. [ExecutionId=c544cd45033d485e80d494c17ee8c8a3]
2018-04-10 09:41:40,926 Orchard.Recipes.Services.RecipeScheduler - Default - INFO Scheduling next step of recipe. [ExecutionId=c544cd45033d485e80d494c17ee8c8a3]
2018-04-10 09:41:41,279 Orchard.Recipes.Services.RecipeStepQueue - Default - INFO Dequeuing recipe steps. [ExecutionId=c544cd45033d485e80d494c17ee8c8a3]
2018-04-10 09:41:41,280 Orchard.Recipes.Services.RecipeStepQueue - Default - INFO Dequeuing recipe step 'Command'. [ExecutionId=c544cd45033d485e80d494c17ee8c8a3]
2018-04-10 09:41:41,280 Orchard.Recipes.Services.RecipeStepExecutor - Default - INFO Executing recipe step 'Command'. [ExecutionId=c544cd45033d485e80d494c17ee8c8a3]
2018-04-10 09:41:41,281 Orchard.Recipes.Providers.RecipeHandlers.RecipeExecutionStepHandler - Default - INFO Executing recipe step 'Command'. [ExecutionId=c544cd45033d485e80d494c17ee8c8a3]
2018-04-10 09:41:41,283 Orchard.Recipes.Services.RecipeExecutionLogger - Default - INFO CommandStep: Executing command: layer create Default /LayerRule:"true" /Description:"The widgets in this layer are displayed on all pages" [ExecutionId=c544cd45033d485e80d494c17ee8c8a3]
2018-04-10 09:41:41,550 Orchard.Recipes.Services.RecipeExecutionLogger - Default - INFO CommandStep: Executing command: layer create Authenticated /LayerRule:"authenticated" /Description:"The widgets in this layer are displayed when the user is authenticated" [ExecutionId=c544cd45033d485e80d494c17ee8c8a3]
2018-04-10 09:41:41,577 Orchard.Recipes.Services.RecipeExecutionLogger - Default - INFO CommandStep: Executing command: layer create Anonymous /LayerRule:"not authenticated" /Description:"The widgets in this layer are displayed when the user is anonymous" [ExecutionId=c544cd45033d485e80d494c17ee8c8a3]
2018-04-10 09:41:41,598 Orchard.Recipes.Services.RecipeExecutionLogger - Default - INFO CommandStep: Executing command: layer create Disabled /LayerRule:"false" /Description:"The widgets in this layer are never displayed" [ExecutionId=c544cd45033d485e80d494c17ee8c8a3]
2018-04-10 09:41:41,686 Orchard.Recipes.Services.RecipeExecutionLogger - Default - INFO CommandStep: Executing command: layer create TheHomepage /LayerRule:"url '~/'" /Description:"The widgets in this layer are displayed on the home page" [ExecutionId=c544cd45033d485e80d494c17ee8c8a3]
2018-04-10 09:41:41,709 Orchard.Recipes.Services.RecipeExecutionLogger - Default - INFO CommandStep: Executing command: site setting set baseurl [ExecutionId=c544cd45033d485e80d494c17ee8c8a3]
2018-04-10 09:41:41,713 Orchard.Recipes.Services.RecipeExecutionLogger - Default - INFO CommandStep: Executing command: menu create /MenuName:"Main Menu" [ExecutionId=c544cd45033d485e80d494c17ee8c8a3]
2018-04-10 09:41:41,733 Orchard.Recipes.Services.RecipeExecutionLogger - Default - INFO CommandStep: Executing command: page create /Slug:"welcome-to-orchard" /Title:"Welcome to Orchard!" /Path:"welcome-to-orchard" /Homepage:true /Publish:true /UseWelcomeText:true [ExecutionId=c544cd45033d485e80d494c17ee8c8a3]
2018-04-10 09:41:42,460 Orchard.Recipes.Services.RecipeExecutionLogger - Default - INFO CommandStep: Executing command: menuitem create /MenuPosition:"0" /MenuText:"Home" /Url:"~/" /MenuName:"Main Menu" [ExecutionId=c544cd45033d485e80d494c17ee8c8a3]
2018-04-10 09:41:42,501 Orchard.Recipes.Services.RecipeExecutionLogger - Default - INFO CommandStep: Executing command: widget create MenuWidget /Title:"Main Menu" /RenderTitle:false /Zone:"Navigation" /Position:"1" /Layer:"Default" /Identity:"MenuWidget1" /MenuName:"Main Menu" [ExecutionId=c544cd45033d485e80d494c17ee8c8a3]
2018-04-10 09:41:42,558 Orchard.Recipes.Services.RecipeExecutionLogger - Default - INFO CommandStep: Executing command: theme activate "The Theme Machine" [ExecutionId=c544cd45033d485e80d494c17ee8c8a3]
2018-04-10 09:41:42,564 Orchard.Recipes.Providers.RecipeHandlers.RecipeExecutionStepHandler - Default - INFO Finished executing recipe step 'Command'. [ExecutionId=c544cd45033d485e80d494c17ee8c8a3]
2018-04-10 09:41:42,572 Orchard.Recipes.Services.RecipeScheduler - Default - INFO Scheduling next step of recipe. [ExecutionId=c544cd45033d485e80d494c17ee8c8a3]
2018-04-10 09:41:42,965 Orchard.Recipes.Services.RecipeStepQueue - Default - INFO Dequeuing recipe steps. [ExecutionId=c544cd45033d485e80d494c17ee8c8a3]
2018-04-10 09:41:42,965 Orchard.Recipes.Services.RecipeStepQueue - Default - INFO Dequeuing recipe step 'ActivateShell'. [ExecutionId=c544cd45033d485e80d494c17ee8c8a3]
2018-04-10 09:41:42,966 Orchard.Recipes.Services.RecipeStepExecutor - Default - INFO Executing recipe step 'ActivateShell'. [ExecutionId=c544cd45033d485e80d494c17ee8c8a3]
2018-04-10 09:41:42,966 Orchard.Recipes.Providers.RecipeHandlers.RecipeExecutionStepHandler - Default - INFO Executing recipe step 'ActivateShell'. [ExecutionId=c544cd45033d485e80d494c17ee8c8a3]
2018-04-10 09:41:42,967 Orchard.Recipes.Providers.RecipeHandlers.RecipeExecutionStepHandler - Default - INFO Finished executing recipe step 'ActivateShell'. [ExecutionId=c544cd45033d485e80d494c17ee8c8a3]
2018-04-10 09:41:43,054 Orchard.Recipes.Services.RecipeScheduler - Default - INFO Scheduling next step of recipe. [ExecutionId=c544cd45033d485e80d494c17ee8c8a3]
2018-04-10 09:41:43,239 Orchard.Recipes.Services.RecipeStepQueue - Default - INFO Dequeuing recipe steps. [ExecutionId=c544cd45033d485e80d494c17ee8c8a3]
2018-04-10 09:41:43,240 Orchard.Recipes.Services.RecipeStepExecutor - Default - INFO No more recipe steps left to execute. [ExecutionId=c544cd45033d485e80d494c17ee8c8a3]
2018-04-10 09:41:43,241 Orchard.Recipes.Services.RecipeScheduler - Default - INFO All recipe steps executed; restarting shell. [ExecutionId=c544cd45033d485e80d494c17ee8c8a3]
